2024.12.16 20:38:25 INFO  Started: Metals version 1.4.2 in folders '/Users/macbook/Downloads/Scala_Project 2/skypaths' for client Visual Studio Code 1.96.0.
2024.12.16 20:38:27 INFO  no build target found for /Users/macbook/Downloads/Scala_Project 2/skypaths/src/main/scala/storage/DataStorage.scala. Using presentation compiler with project's scala-library version: 3.3.4
2024.12.16 20:38:30 INFO  no build target found for /Users/macbook/Downloads/Scala_Project 2/skypaths/src/main/scala/storage/DataStorage.scala. Using presentation compiler with project's scala-library version: 3.3.4
2024.12.16 20:38:42 INFO  no build target found for /Users/macbook/Downloads/Scala_Project 2/skypaths/src/main/scala/storage/DataStorage.scala. Using presentation compiler with project's scala-library version: 3.3.4
2024.12.16 20:39:25 INFO  no build target found for /Users/macbook/Downloads/Scala_Project 2/skypaths/src/main/scala/storage/DataStorage.scala. Using presentation compiler with project's scala-library version: 3.3.4
2024.12.16 20:39:28 INFO  no build target found for /Users/macbook/Downloads/Scala_Project 2/skypaths/src/main/scala/storage/DataStorage.scala. Using presentation compiler with project's scala-library version: 3.3.4
2024.12.16 20:39:46 INFO  no build target found for /Users/macbook/Downloads/Scala_Project 2/skypaths/src/main/scala/storage/DataStorage.scala. Using presentation compiler with project's scala-library version: 3.3.4
2024.12.16 20:39:46 INFO  no build target found for /Users/macbook/Downloads/Scala_Project 2/skypaths/src/main/scala/storage/DataStorage.scala. Using presentation compiler with project's scala-library version: 3.3.4
2024.12.16 20:39:46 INFO  no build target found for /Users/macbook/Downloads/Scala_Project 2/skypaths/src/main/scala/storage/DataStorage.scala. Using presentation compiler with project's scala-library version: 3.3.4
2024.12.16 20:40:10 INFO  no build target found for /Users/macbook/Downloads/Scala_Project 2/skypaths/src/main/scala/storage/DataStorage.scala. Using presentation compiler with project's scala-library version: 3.3.4
2024.12.16 20:40:10 INFO  no build target found for /Users/macbook/Downloads/Scala_Project 2/skypaths/src/main/scala/storage/DataStorage.scala. Using presentation compiler with project's scala-library version: 3.3.4
2024.12.16 20:40:10 INFO  no build target found for /Users/macbook/Downloads/Scala_Project 2/skypaths/src/main/scala/storage/DataStorage.scala. Using presentation compiler with project's scala-library version: 3.3.4
2024.12.16 20:40:10 INFO  no build target found for /Users/macbook/Downloads/Scala_Project 2/skypaths/src/main/scala/storage/DataStorage.scala. Using presentation compiler with project's scala-library version: 3.3.4
2024.12.16 20:40:12 INFO  no build target found for /Users/macbook/Downloads/Scala_Project 2/skypaths/src/main/scala/storage/DataStorage.scala. Using presentation compiler with project's scala-library version: 3.3.4
2024.12.16 20:40:12 INFO  no build target found for /Users/macbook/Downloads/Scala_Project 2/skypaths/src/main/scala/storage/DataStorage.scala. Using presentation compiler with project's scala-library version: 3.3.4
2024.12.16 20:40:12 INFO  no build target found for /Users/macbook/Downloads/Scala_Project 2/skypaths/src/main/scala/storage/DataStorage.scala. Using presentation compiler with project's scala-library version: 3.3.4
2024.12.16 20:40:14 WARN  no build target for: /Users/macbook/Downloads/Scala_Project 2/skypaths/src/main/scala/storage/DataStorage.scala
2024.12.16 20:40:14 INFO  no build target found for /Users/macbook/Downloads/Scala_Project 2/skypaths/src/main/scala/storage/DataStorage.scala. Using presentation compiler with project's scala-library version: 3.3.4
2024.12.16 20:40:14 INFO  no build target found for /Users/macbook/Downloads/Scala_Project 2/skypaths/src/main/scala/storage/DataStorage.scala. Using presentation compiler with project's scala-library version: 3.3.4
2024.12.16 20:40:17 INFO  no build target found for /Users/macbook/Downloads/Scala_Project 2/skypaths/src/main/scala/storage/DataStorage.scala. Using presentation compiler with project's scala-library version: 3.3.4
2024.12.16 20:40:38 INFO  no build target found for /Users/macbook/Downloads/Scala_Project 2/skypaths/src/main/scala/ui/CommadLineApp.scala. Using presentation compiler with project's scala-library version: 3.3.4
2024.12.16 20:40:38 INFO  no build target found for /Users/macbook/Downloads/Scala_Project 2/skypaths/src/main/scala/ui/CommadLineApp.scala. Using presentation compiler with project's scala-library version: 3.3.4
2024.12.16 20:40:39 INFO  no build target found for /Users/macbook/Downloads/Scala_Project 2/skypaths/src/main/scala/ui/CommadLineApp.scala. Using presentation compiler with project's scala-library version: 3.3.4
2024.12.16 20:41:54 INFO  no build target found for /Users/macbook/Downloads/Scala_Project 2/skypaths/src/main/scala/ui/CommadLineApp.scala. Using presentation compiler with project's scala-library version: 3.3.4
2024.12.16 20:41:56 INFO  no build target found for /Users/macbook/Downloads/Scala_Project 2/skypaths/src/main/scala/storage/DataStorage.scala. Using presentation compiler with project's scala-library version: 3.3.4
2024.12.16 20:41:56 INFO  no build target found for /Users/macbook/Downloads/Scala_Project 2/skypaths/src/main/scala/storage/DataStorage.scala. Using presentation compiler with project's scala-library version: 3.3.4
2024.12.16 20:41:56 INFO  no build target found for /Users/macbook/Downloads/Scala_Project 2/skypaths/src/main/scala/storage/DataStorage.scala. Using presentation compiler with project's scala-library version: 3.3.4
2024.12.16 20:41:58 INFO  no build target found for /Users/macbook/Downloads/Scala_Project 2/skypaths/src/main/scala/storage/DataStorage.scala. Using presentation compiler with project's scala-library version: 3.3.4
2024.12.16 20:41:58 INFO  no build target found for /Users/macbook/Downloads/Scala_Project 2/skypaths/src/main/scala/storage/DataStorage.scala. Using presentation compiler with project's scala-library version: 3.3.4
2024.12.16 20:41:58 INFO  no build target found for /Users/macbook/Downloads/Scala_Project 2/skypaths/src/main/scala/storage/DataStorage.scala. Using presentation compiler with project's scala-library version: 3.3.4
2024.12.16 20:42:47 INFO  no build target found for /Users/macbook/Downloads/Scala_Project 2/skypaths/src/main/scala/storage/DataStorage.scala. Using presentation compiler with project's scala-library version: 3.3.4
2024.12.16 20:42:49 INFO  no build target found for /Users/macbook/Downloads/Scala_Project 2/skypaths/src/main/scala/storage/DataStorage.scala. Using presentation compiler with project's scala-library version: 3.3.4
2024.12.16 20:42:49 INFO  no build target found for /Users/macbook/Downloads/Scala_Project 2/skypaths/src/main/scala/storage/DataStorage.scala. Using presentation compiler with project's scala-library version: 3.3.4
2024.12.16 20:42:50 INFO  no build target found for /Users/macbook/Downloads/Scala_Project 2/skypaths/src/main/scala/storage/DataStorage.scala. Using presentation compiler with project's scala-library version: 3.3.4
2024.12.16 20:42:50 INFO  no build target found for /Users/macbook/Downloads/Scala_Project 2/skypaths/src/main/scala/storage/DataStorage.scala. Using presentation compiler with project's scala-library version: 3.3.4
2024.12.16 20:42:56 INFO  no build target found for /Users/macbook/Downloads/Scala_Project 2/skypaths/src/main/scala/storage/DataStorage.scala. Using presentation compiler with project's scala-library version: 3.3.4
2024.12.16 20:42:56 INFO  no build target found for /Users/macbook/Downloads/Scala_Project 2/skypaths/src/main/scala/storage/DataStorage.scala. Using presentation compiler with project's scala-library version: 3.3.4
2024.12.16 20:42:57 INFO  no build target found for /Users/macbook/Downloads/Scala_Project 2/skypaths/src/main/scala/storage/DataStorage.scala. Using presentation compiler with project's scala-library version: 3.3.4
2024.12.16 20:42:57 INFO  no build target found for /Users/macbook/Downloads/Scala_Project 2/skypaths/src/main/scala/storage/DataStorage.scala. Using presentation compiler with project's scala-library version: 3.3.4
2024.12.16 20:42:57 INFO  no build target found for /Users/macbook/Downloads/Scala_Project 2/skypaths/src/main/scala/storage/DataStorage.scala. Using presentation compiler with project's scala-library version: 3.3.4
2024.12.16 20:42:58 INFO  no build target found for /Users/macbook/Downloads/Scala_Project 2/skypaths/src/main/scala/storage/DataStorage.scala. Using presentation compiler with project's scala-library version: 3.3.4
2024.12.16 20:42:58 INFO  no build target found for /Users/macbook/Downloads/Scala_Project 2/skypaths/src/main/scala/storage/DataStorage.scala. Using presentation compiler with project's scala-library version: 3.3.4
2024.12.16 20:42:59 INFO  no build target found for /Users/macbook/Downloads/Scala_Project 2/skypaths/src/main/scala/storage/DataStorage.scala. Using presentation compiler with project's scala-library version: 3.3.4
2024.12.16 20:42:59 INFO  no build target found for /Users/macbook/Downloads/Scala_Project 2/skypaths/src/main/scala/storage/DataStorage.scala. Using presentation compiler with project's scala-library version: 3.3.4
2024.12.16 20:43:05 INFO  no build target found for /Users/macbook/Downloads/Scala_Project 2/skypaths/src/main/scala/storage/DataStorage.scala. Using presentation compiler with project's scala-library version: 3.3.4
2024.12.16 20:43:05 INFO  no build target found for /Users/macbook/Downloads/Scala_Project 2/skypaths/src/main/scala/storage/DataStorage.scala. Using presentation compiler with project's scala-library version: 3.3.4
2024.12.16 20:43:05 INFO  no build target found for /Users/macbook/Downloads/Scala_Project 2/skypaths/src/main/scala/storage/DataStorage.scala. Using presentation compiler with project's scala-library version: 3.3.4
2024.12.16 20:43:07 INFO  no build target found for /Users/macbook/Downloads/Scala_Project 2/skypaths/src/main/scala/storage/DataStorage.scala. Using presentation compiler with project's scala-library version: 3.3.4
2024.12.16 20:44:43 INFO  no build target found for /Users/macbook/Downloads/Scala_Project 2/skypaths/src/main/scala/storage/DataStorage.scala. Using presentation compiler with project's scala-library version: 3.3.4
2024.12.16 20:45:17 INFO  no build target found for /Users/macbook/Downloads/Scala_Project 2/skypaths/src/main/scala/storage/DataStorage.scala. Using presentation compiler with project's scala-library version: 3.3.4
2024.12.16 20:45:17 INFO  no build target found for /Users/macbook/Downloads/Scala_Project 2/skypaths/src/main/scala/storage/DataStorage.scala. Using presentation compiler with project's scala-library version: 3.3.4
2024.12.16 20:45:17 INFO  no build target found for /Users/macbook/Downloads/Scala_Project 2/skypaths/src/main/scala/storage/DataStorage.scala. Using presentation compiler with project's scala-library version: 3.3.4
Dec 16, 2024 8:45:18 PM org.eclipse.lsp4j.jsonrpc.RemoteEndpoint handleCancellation
WARNING: Unmatched cancel notification for request id 115
2024.12.16 20:45:19 INFO  no build target found for /Users/macbook/Downloads/Scala_Project 2/skypaths/src/main/scala/storage/DataStorage.scala. Using presentation compiler with project's scala-library version: 3.3.4
2024.12.16 20:45:19 INFO  no build target found for /Users/macbook/Downloads/Scala_Project 2/skypaths/src/main/scala/storage/DataStorage.scala. Using presentation compiler with project's scala-library version: 3.3.4
2024.12.16 20:45:21 INFO  no build target found for /Users/macbook/Downloads/Scala_Project 2/skypaths/src/main/scala/storage/DataStorage.scala. Using presentation compiler with project's scala-library version: 3.3.4
2024.12.16 20:45:22 INFO  no build target found for /Users/macbook/Downloads/Scala_Project 2/skypaths/src/main/scala/storage/DataStorage.scala. Using presentation compiler with project's scala-library version: 3.3.4
2024.12.16 20:45:22 INFO  no build target found for /Users/macbook/Downloads/Scala_Project 2/skypaths/src/main/scala/storage/DataStorage.scala. Using presentation compiler with project's scala-library version: 3.3.4
2024.12.16 20:45:23 INFO  no build target found for /Users/macbook/Downloads/Scala_Project 2/skypaths/src/main/scala/storage/DataStorage.scala. Using presentation compiler with project's scala-library version: 3.3.4
2024.12.16 20:45:23 INFO  no build target found for /Users/macbook/Downloads/Scala_Project 2/skypaths/src/main/scala/storage/DataStorage.scala. Using presentation compiler with project's scala-library version: 3.3.4
2024.12.16 20:45:23 INFO  no build target found for /Users/macbook/Downloads/Scala_Project 2/skypaths/src/main/scala/storage/DataStorage.scala. Using presentation compiler with project's scala-library version: 3.3.4
2024.12.16 20:45:24 INFO  no build target found for /Users/macbook/Downloads/Scala_Project 2/skypaths/src/main/scala/storage/DataStorage.scala. Using presentation compiler with project's scala-library version: 3.3.4
2024.12.16 20:45:25 INFO  no build target found for /Users/macbook/Downloads/Scala_Project 2/skypaths/src/main/scala/storage/DataStorage.scala. Using presentation compiler with project's scala-library version: 3.3.4
2024.12.16 20:45:28 INFO  no build target found for /Users/macbook/Downloads/Scala_Project 2/skypaths/src/main/scala/storage/DataStorage.scala. Using presentation compiler with project's scala-library version: 3.3.4
2024.12.16 20:45:31 WARN  no build target for: /Users/macbook/Downloads/Scala_Project 2/skypaths/src/main/scala/storage/DataStorage.scala
2024.12.16 20:45:31 INFO  no build target found for /Users/macbook/Downloads/Scala_Project 2/skypaths/src/main/scala/storage/DataStorage.scala. Using presentation compiler with project's scala-library version: 3.3.4
2024.12.16 20:45:31 INFO  no build target found for /Users/macbook/Downloads/Scala_Project 2/skypaths/src/main/scala/storage/DataStorage.scala. Using presentation compiler with project's scala-library version: 3.3.4
2024.12.16 20:45:47 INFO  no build target found for /Users/macbook/Downloads/Scala_Project 2/skypaths/src/main/scala/ui/CommadLineApp.scala. Using presentation compiler with project's scala-library version: 3.3.4
2024.12.16 20:45:47 INFO  no build target found for /Users/macbook/Downloads/Scala_Project 2/skypaths/src/main/scala/storage/DataStorage.scala. Using presentation compiler with project's scala-library version: 3.3.4
2024.12.16 20:45:49 INFO  no build target found for /Users/macbook/Downloads/Scala_Project 2/skypaths/src/main/scala/storage/DataStorage.scala. Using presentation compiler with project's scala-library version: 3.3.4
2024.12.16 20:45:51 INFO  no build target found for /Users/macbook/Downloads/Scala_Project 2/skypaths/src/main/scala/storage/DataStorage.scala. Using presentation compiler with project's scala-library version: 3.3.4
2024.12.16 20:45:51 INFO  no build target found for /Users/macbook/Downloads/Scala_Project 2/skypaths/src/main/scala/storage/DataStorage.scala. Using presentation compiler with project's scala-library version: 3.3.4
2024.12.16 20:45:51 INFO  no build target found for /Users/macbook/Downloads/Scala_Project 2/skypaths/src/main/scala/storage/DataStorage.scala. Using presentation compiler with project's scala-library version: 3.3.4
2024.12.16 20:45:52 INFO  no build target found for /Users/macbook/Downloads/Scala_Project 2/skypaths/src/main/scala/storage/DataStorage.scala. Using presentation compiler with project's scala-library version: 3.3.4
2024.12.16 20:45:52 INFO  no build target found for /Users/macbook/Downloads/Scala_Project 2/skypaths/src/main/scala/storage/DataStorage.scala. Using presentation compiler with project's scala-library version: 3.3.4
2024.12.16 20:45:52 INFO  no build target found for /Users/macbook/Downloads/Scala_Project 2/skypaths/src/main/scala/storage/DataStorage.scala. Using presentation compiler with project's scala-library version: 3.3.4
2024.12.16 20:45:52 INFO  no build target found for /Users/macbook/Downloads/Scala_Project 2/skypaths/src/main/scala/storage/DataStorage.scala. Using presentation compiler with project's scala-library version: 3.3.4
Dec 16, 2024 8:45:53 PM org.eclipse.lsp4j.jsonrpc.RemoteEndpoint handleCancellation
WARNING: Unmatched cancel notification for request id 161
2024.12.16 20:45:53 INFO  no build target found for /Users/macbook/Downloads/Scala_Project 2/skypaths/src/main/scala/storage/DataStorage.scala. Using presentation compiler with project's scala-library version: 3.3.4
2024.12.16 20:45:52 INFO  no build target found for /Users/macbook/Downloads/Scala_Project 2/skypaths/src/main/scala/storage/DataStorage.scala. Using presentation compiler with project's scala-library version: 3.3.4
2024.12.16 20:45:52 INFO  no build target found for /Users/macbook/Downloads/Scala_Project 2/skypaths/src/main/scala/storage/DataStorage.scala. Using presentation compiler with project's scala-library version: 3.3.4
2024.12.16 20:45:52 INFO  no build target found for /Users/macbook/Downloads/Scala_Project 2/skypaths/src/main/scala/storage/DataStorage.scala. Using presentation compiler with project's scala-library version: 3.3.4
2024.12.16 20:45:53 INFO  no build target found for /Users/macbook/Downloads/Scala_Project 2/skypaths/src/main/scala/storage/DataStorage.scala. Using presentation compiler with project's scala-library version: 3.3.4
2024.12.16 20:45:53 INFO  no build target found for /Users/macbook/Downloads/Scala_Project 2/skypaths/src/main/scala/storage/DataStorage.scala. Using presentation compiler with project's scala-library version: 3.3.4
2024.12.16 20:45:53 INFO  no build target found for /Users/macbook/Downloads/Scala_Project 2/skypaths/src/main/scala/storage/DataStorage.scala. Using presentation compiler with project's scala-library version: 3.3.4
2024.12.16 20:45:53 INFO  no build target found for /Users/macbook/Downloads/Scala_Project 2/skypaths/src/main/scala/storage/DataStorage.scala. Using presentation compiler with project's scala-library version: 3.3.4
2024.12.16 20:45:53 INFO  no build target found for /Users/macbook/Downloads/Scala_Project 2/skypaths/src/main/scala/storage/DataStorage.scala. Using presentation compiler with project's scala-library version: 3.3.4
2024.12.16 20:45:54 INFO  no build target found for /Users/macbook/Downloads/Scala_Project 2/skypaths/src/main/scala/storage/DataStorage.scala. Using presentation compiler with project's scala-library version: 3.3.4
2024.12.16 20:45:54 INFO  no build target found for /Users/macbook/Downloads/Scala_Project 2/skypaths/src/main/scala/storage/DataStorage.scala. Using presentation compiler with project's scala-library version: 3.3.4
2024.12.16 20:45:54 INFO  no build target found for /Users/macbook/Downloads/Scala_Project 2/skypaths/src/main/scala/storage/DataStorage.scala. Using presentation compiler with project's scala-library version: 3.3.4
2024.12.16 20:45:54 INFO  no build target found for /Users/macbook/Downloads/Scala_Project 2/skypaths/src/main/scala/storage/DataStorage.scala. Using presentation compiler with project's scala-library version: 3.3.4
2024.12.16 20:45:55 INFO  no build target found for /Users/macbook/Downloads/Scala_Project 2/skypaths/src/main/scala/storage/DataStorage.scala. Using presentation compiler with project's scala-library version: 3.3.4
2024.12.16 20:45:54 INFO  no build target found for /Users/macbook/Downloads/Scala_Project 2/skypaths/src/main/scala/storage/DataStorage.scala. Using presentation compiler with project's scala-library version: 3.3.4
2024.12.16 20:45:54 INFO  no build target found for /Users/macbook/Downloads/Scala_Project 2/skypaths/src/main/scala/storage/DataStorage.scala. Using presentation compiler with project's scala-library version: 3.3.4
2024.12.16 20:45:54 INFO  no build target found for /Users/macbook/Downloads/Scala_Project 2/skypaths/src/main/scala/storage/DataStorage.scala. Using presentation compiler with project's scala-library version: 3.3.4
2024.12.16 20:45:55 INFO  no build target found for /Users/macbook/Downloads/Scala_Project 2/skypaths/src/main/scala/storage/DataStorage.scala. Using presentation compiler with project's scala-library version: 3.3.4
2024.12.16 20:45:54 INFO  no build target found for /Users/macbook/Downloads/Scala_Project 2/skypaths/src/main/scala/storage/DataStorage.scala. Using presentation compiler with project's scala-library version: 3.3.4
2024.12.16 20:45:56 INFO  no build target found for /Users/macbook/Downloads/Scala_Project 2/skypaths/src/main/scala/storage/DataStorage.scala. Using presentation compiler with project's scala-library version: 3.3.4
2024.12.16 20:45:56 INFO  no build target found for /Users/macbook/Downloads/Scala_Project 2/skypaths/src/main/scala/storage/DataStorage.scala. Using presentation compiler with project's scala-library version: 3.3.4
2024.12.16 20:45:58 INFO  no build target found for /Users/macbook/Downloads/Scala_Project 2/skypaths/src/main/scala/storage/DataStorage.scala. Using presentation compiler with project's scala-library version: 3.3.4
2024.12.16 20:45:58 INFO  no build target found for /Users/macbook/Downloads/Scala_Project 2/skypaths/src/main/scala/storage/DataStorage.scala. Using presentation compiler with project's scala-library version: 3.3.4
2024.12.16 20:45:58 INFO  no build target found for /Users/macbook/Downloads/Scala_Project 2/skypaths/src/main/scala/storage/DataStorage.scala. Using presentation compiler with project's scala-library version: 3.3.4
2024.12.16 20:45:59 INFO  no build target found for /Users/macbook/Downloads/Scala_Project 2/skypaths/src/main/scala/storage/DataStorage.scala. Using presentation compiler with project's scala-library version: 3.3.4
2024.12.16 20:45:59 INFO  no build target found for /Users/macbook/Downloads/Scala_Project 2/skypaths/src/main/scala/storage/DataStorage.scala. Using presentation compiler with project's scala-library version: 3.3.4
2024.12.16 20:45:59 INFO  no build target found for /Users/macbook/Downloads/Scala_Project 2/skypaths/src/main/scala/storage/DataStorage.scala. Using presentation compiler with project's scala-library version: 3.3.4
2024.12.16 20:45:59 INFO  no build target found for /Users/macbook/Downloads/Scala_Project 2/skypaths/src/main/scala/storage/DataStorage.scala. Using presentation compiler with project's scala-library version: 3.3.4
2024.12.16 20:45:59 INFO  no build target found for /Users/macbook/Downloads/Scala_Project 2/skypaths/src/main/scala/storage/DataStorage.scala. Using presentation compiler with project's scala-library version: 3.3.4
2024.12.16 20:46:00 INFO  no build target found for /Users/macbook/Downloads/Scala_Project 2/skypaths/src/main/scala/storage/DataStorage.scala. Using presentation compiler with project's scala-library version: 3.3.4
2024.12.16 20:45:59 INFO  no build target found for /Users/macbook/Downloads/Scala_Project 2/skypaths/src/main/scala/storage/DataStorage.scala. Using presentation compiler with project's scala-library version: 3.3.4
2024.12.16 20:45:59 INFO  no build target found for /Users/macbook/Downloads/Scala_Project 2/skypaths/src/main/scala/storage/DataStorage.scala. Using presentation compiler with project's scala-library version: 3.3.4
2024.12.16 20:46:00 INFO  no build target found for /Users/macbook/Downloads/Scala_Project 2/skypaths/src/main/scala/storage/DataStorage.scala. Using presentation compiler with project's scala-library version: 3.3.4
2024.12.16 20:45:59 INFO  no build target found for /Users/macbook/Downloads/Scala_Project 2/skypaths/src/main/scala/storage/DataStorage.scala. Using presentation compiler with project's scala-library version: 3.3.4
2024.12.16 20:46:04 INFO  no build target found for /Users/macbook/Downloads/Scala_Project 2/skypaths/src/main/scala/storage/DataStorage.scala. Using presentation compiler with project's scala-library version: 3.3.4
2024.12.16 20:46:04 INFO  no build target found for /Users/macbook/Downloads/Scala_Project 2/skypaths/src/main/scala/storage/DataStorage.scala. Using presentation compiler with project's scala-library version: 3.3.4
2024.12.16 20:46:04 INFO  no build target found for /Users/macbook/Downloads/Scala_Project 2/skypaths/src/main/scala/storage/DataStorage.scala. Using presentation compiler with project's scala-library version: 3.3.4
2024.12.16 20:46:04 INFO  no build target found for /Users/macbook/Downloads/Scala_Project 2/skypaths/src/main/scala/storage/DataStorage.scala. Using presentation compiler with project's scala-library version: 3.3.4
2024.12.16 20:46:04 INFO  no build target found for /Users/macbook/Downloads/Scala_Project 2/skypaths/src/main/scala/storage/DataStorage.scala. Using presentation compiler with project's scala-library version: 3.3.4
2024.12.16 20:46:05 INFO  no build target found for /Users/macbook/Downloads/Scala_Project 2/skypaths/src/main/scala/storage/DataStorage.scala. Using presentation compiler with project's scala-library version: 3.3.4
2024.12.16 20:46:05 INFO  no build target found for /Users/macbook/Downloads/Scala_Project 2/skypaths/src/main/scala/storage/DataStorage.scala. Using presentation compiler with project's scala-library version: 3.3.4
2024.12.16 20:46:05 INFO  no build target found for /Users/macbook/Downloads/Scala_Project 2/skypaths/src/main/scala/storage/DataStorage.scala. Using presentation compiler with project's scala-library version: 3.3.4
2024.12.16 20:46:05 INFO  no build target found for /Users/macbook/Downloads/Scala_Project 2/skypaths/src/main/scala/storage/DataStorage.scala. Using presentation compiler with project's scala-library version: 3.3.4
2024.12.16 20:46:05 INFO  no build target found for /Users/macbook/Downloads/Scala_Project 2/skypaths/src/main/scala/storage/DataStorage.scala. Using presentation compiler with project's scala-library version: 3.3.4
2024.12.16 20:46:05 INFO  no build target found for /Users/macbook/Downloads/Scala_Project 2/skypaths/src/main/scala/storage/DataStorage.scala. Using presentation compiler with project's scala-library version: 3.3.4
2024.12.16 20:46:05 INFO  no build target found for /Users/macbook/Downloads/Scala_Project 2/skypaths/src/main/scala/storage/DataStorage.scala. Using presentation compiler with project's scala-library version: 3.3.4
2024.12.16 20:46:05 INFO  no build target found for /Users/macbook/Downloads/Scala_Project 2/skypaths/src/main/scala/storage/DataStorage.scala. Using presentation compiler with project's scala-library version: 3.3.4
2024.12.16 20:46:06 INFO  no build target found for /Users/macbook/Downloads/Scala_Project 2/skypaths/src/main/scala/storage/DataStorage.scala. Using presentation compiler with project's scala-library version: 3.3.4
2024.12.16 20:46:07 INFO  no build target found for /Users/macbook/Downloads/Scala_Project 2/skypaths/src/main/scala/storage/DataStorage.scala. Using presentation compiler with project's scala-library version: 3.3.4
2024.12.16 20:46:07 INFO  no build target found for /Users/macbook/Downloads/Scala_Project 2/skypaths/src/main/scala/storage/DataStorage.scala. Using presentation compiler with project's scala-library version: 3.3.4
2024.12.16 20:46:07 INFO  no build target found for /Users/macbook/Downloads/Scala_Project 2/skypaths/src/main/scala/storage/DataStorage.scala. Using presentation compiler with project's scala-library version: 3.3.4
2024.12.16 20:46:07 INFO  no build target found for /Users/macbook/Downloads/Scala_Project 2/skypaths/src/main/scala/storage/DataStorage.scala. Using presentation compiler with project's scala-library version: 3.3.4
2024.12.16 20:46:08 INFO  no build target found for /Users/macbook/Downloads/Scala_Project 2/skypaths/src/main/scala/storage/DataStorage.scala. Using presentation compiler with project's scala-library version: 3.3.4
2024.12.16 20:46:08 INFO  no build target found for /Users/macbook/Downloads/Scala_Project 2/skypaths/src/main/scala/storage/DataStorage.scala. Using presentation compiler with project's scala-library version: 3.3.4
2024.12.16 20:46:08 INFO  no build target found for /Users/macbook/Downloads/Scala_Project 2/skypaths/src/main/scala/storage/DataStorage.scala. Using presentation compiler with project's scala-library version: 3.3.4
2024.12.16 20:46:08 INFO  no build target found for /Users/macbook/Downloads/Scala_Project 2/skypaths/src/main/scala/storage/DataStorage.scala. Using presentation compiler with project's scala-library version: 3.3.4
2024.12.16 20:46:08 INFO  no build target found for /Users/macbook/Downloads/Scala_Project 2/skypaths/src/main/scala/storage/DataStorage.scala. Using presentation compiler with project's scala-library version: 3.3.4
2024.12.16 20:46:09 INFO  no build target found for /Users/macbook/Downloads/Scala_Project 2/skypaths/src/main/scala/storage/DataStorage.scala. Using presentation compiler with project's scala-library version: 3.3.4
2024.12.16 20:46:10 INFO  no build target found for /Users/macbook/Downloads/Scala_Project 2/skypaths/src/main/scala/storage/DataStorage.scala. Using presentation compiler with project's scala-library version: 3.3.4
2024.12.16 20:46:10 INFO  no build target found for /Users/macbook/Downloads/Scala_Project 2/skypaths/src/main/scala/storage/DataStorage.scala. Using presentation compiler with project's scala-library version: 3.3.4
2024.12.16 20:46:10 INFO  no build target found for /Users/macbook/Downloads/Scala_Project 2/skypaths/src/main/scala/storage/DataStorage.scala. Using presentation compiler with project's scala-library version: 3.3.4
2024.12.16 20:46:10 INFO  no build target found for /Users/macbook/Downloads/Scala_Project 2/skypaths/src/main/scala/storage/DataStorage.scala. Using presentation compiler with project's scala-library version: 3.3.4
2024.12.16 20:46:11 INFO  no build target found for /Users/macbook/Downloads/Scala_Project 2/skypaths/src/main/scala/storage/DataStorage.scala. Using presentation compiler with project's scala-library version: 3.3.4
2024.12.16 20:46:11 WARN  no build target for: /Users/macbook/Downloads/Scala_Project 2/skypaths/src/main/scala/storage/DataStorage.scala
2024.12.16 20:46:11 INFO  no build target found for /Users/macbook/Downloads/Scala_Project 2/skypaths/src/main/scala/storage/DataStorage.scala. Using presentation compiler with project's scala-library version: 3.3.4
2024.12.16 20:47:22 INFO  no build target found for /Users/macbook/Downloads/Scala_Project 2/skypaths/src/test/scala/Tests.scala. Using presentation compiler with project's scala-library version: 3.3.4
2024.12.16 20:47:23 INFO  no build target found for /Users/macbook/Downloads/Scala_Project 2/skypaths/src/test/scala/Tests.scala. Using presentation compiler with project's scala-library version: 3.3.4
2024.12.16 20:47:55 INFO  no build target found for /Users/macbook/Downloads/Scala_Project 2/skypaths/src/main/scala/storage/DataStorage.scala. Using presentation compiler with project's scala-library version: 3.3.4
2024.12.16 20:47:55 INFO  no build target found for /Users/macbook/Downloads/Scala_Project 2/skypaths/src/main/scala/storage/DataStorage.scala. Using presentation compiler with project's scala-library version: 3.3.4
2024.12.16 20:47:55 INFO  no build target found for /Users/macbook/Downloads/Scala_Project 2/skypaths/src/main/scala/storage/DataStorage.scala. Using presentation compiler with project's scala-library version: 3.3.4
2024.12.16 20:47:55 INFO  no build target found for /Users/macbook/Downloads/Scala_Project 2/skypaths/src/main/scala/storage/DataStorage.scala. Using presentation compiler with project's scala-library version: 3.3.4
2024.12.16 20:47:55 INFO  no build target found for /Users/macbook/Downloads/Scala_Project 2/skypaths/src/main/scala/storage/DataStorage.scala. Using presentation compiler with project's scala-library version: 3.3.4
2024.12.16 20:48:01 INFO  no build target found for /Users/macbook/Downloads/Scala_Project 2/skypaths/src/main/scala/storage/DataStorage.scala. Using presentation compiler with project's scala-library version: 3.3.4
2024.12.16 20:48:01 INFO  no build target found for /Users/macbook/Downloads/Scala_Project 2/skypaths/src/main/scala/storage/DataStorage.scala. Using presentation compiler with project's scala-library version: 3.3.4
2024.12.16 20:48:01 INFO  no build target found for /Users/macbook/Downloads/Scala_Project 2/skypaths/src/main/scala/storage/DataStorage.scala. Using presentation compiler with project's scala-library version: 3.3.4
2024.12.16 20:48:03 INFO  no build target found for /Users/macbook/Downloads/Scala_Project 2/skypaths/src/main/scala/storage/DataStorage.scala. Using presentation compiler with project's scala-library version: 3.3.4
2024.12.16 20:48:03 INFO  no build target found for /Users/macbook/Downloads/Scala_Project 2/skypaths/src/main/scala/storage/DataStorage.scala. Using presentation compiler with project's scala-library version: 3.3.4
2024.12.16 20:48:03 INFO  no build target found for /Users/macbook/Downloads/Scala_Project 2/skypaths/src/main/scala/storage/DataStorage.scala. Using presentation compiler with project's scala-library version: 3.3.4
2024.12.16 20:48:07 INFO  no build target found for /Users/macbook/Downloads/Scala_Project 2/skypaths/src/main/scala/storage/DataStorage.scala. Using presentation compiler with project's scala-library version: 3.3.4
2024.12.16 20:48:07 INFO  no build target found for /Users/macbook/Downloads/Scala_Project 2/skypaths/src/main/scala/storage/DataStorage.scala. Using presentation compiler with project's scala-library version: 3.3.4
2024.12.16 20:48:09 INFO  no build target found for /Users/macbook/Downloads/Scala_Project 2/skypaths/src/main/scala/storage/DataStorage.scala. Using presentation compiler with project's scala-library version: 3.3.4
2024.12.16 20:48:10 INFO  no build target found for /Users/macbook/Downloads/Scala_Project 2/skypaths/src/main/scala/storage/DataStorage.scala. Using presentation compiler with project's scala-library version: 3.3.4
2024.12.16 20:48:17 INFO  no build target found for /Users/macbook/Downloads/Scala_Project 2/skypaths/src/main/scala/storage/DataStorage.scala. Using presentation compiler with project's scala-library version: 3.3.4
2024.12.16 20:48:19 INFO  no build target found for /Users/macbook/Downloads/Scala_Project 2/skypaths/src/main/scala/storage/DataStorage.scala. Using presentation compiler with project's scala-library version: 3.3.4
2024.12.16 20:48:19 INFO  no build target found for /Users/macbook/Downloads/Scala_Project 2/skypaths/src/main/scala/storage/DataStorage.scala. Using presentation compiler with project's scala-library version: 3.3.4
2024.12.16 20:48:19 INFO  no build target found for /Users/macbook/Downloads/Scala_Project 2/skypaths/src/main/scala/storage/DataStorage.scala. Using presentation compiler with project's scala-library version: 3.3.4
2024.12.16 20:48:30 INFO  no build target found for /Users/macbook/Downloads/Scala_Project 2/skypaths/src/main/scala/storage/DataStorage.scala. Using presentation compiler with project's scala-library version: 3.3.4
2024.12.16 20:48:32 INFO  no build target found for /Users/macbook/Downloads/Scala_Project 2/skypaths/src/main/scala/storage/DataStorage.scala. Using presentation compiler with project's scala-library version: 3.3.4
2024.12.16 20:48:35 INFO  no build target found for /Users/macbook/Downloads/Scala_Project 2/skypaths/src/main/scala/storage/DataStorage.scala. Using presentation compiler with project's scala-library version: 3.3.4
2024.12.16 20:48:40 INFO  no build target found for /Users/macbook/Downloads/Scala_Project 2/skypaths/src/test/scala/Tests.scala. Using presentation compiler with project's scala-library version: 3.3.4
2024.12.16 20:48:40 INFO  no build target found for /Users/macbook/Downloads/Scala_Project 2/skypaths/src/test/scala/Tests.scala. Using presentation compiler with project's scala-library version: 3.3.4
2024.12.16 20:48:40 INFO  no build target found for /Users/macbook/Downloads/Scala_Project 2/skypaths/src/test/scala/Tests.scala. Using presentation compiler with project's scala-library version: 3.3.4
2024.12.16 20:48:41 INFO  no build target found for /Users/macbook/Downloads/Scala_Project 2/skypaths/src/main/scala/storage/DataStorage.scala. Using presentation compiler with project's scala-library version: 3.3.4
2024.12.16 20:48:41 INFO  no build target found for /Users/macbook/Downloads/Scala_Project 2/skypaths/src/main/scala/storage/DataStorage.scala. Using presentation compiler with project's scala-library version: 3.3.4
2024.12.16 20:48:41 INFO  no build target found for /Users/macbook/Downloads/Scala_Project 2/skypaths/src/main/scala/storage/DataStorage.scala. Using presentation compiler with project's scala-library version: 3.3.4
2024.12.16 20:48:41 INFO  no build target found for /Users/macbook/Downloads/Scala_Project 2/skypaths/src/main/scala/storage/DataStorage.scala. Using presentation compiler with project's scala-library version: 3.3.4
2024.12.16 20:48:42 INFO  no build target found for /Users/macbook/Downloads/Scala_Project 2/skypaths/src/test/scala/Tests.scala. Using presentation compiler with project's scala-library version: 3.3.4
2024.12.16 20:48:42 INFO  no build target found for /Users/macbook/Downloads/Scala_Project 2/skypaths/src/test/scala/Tests.scala. Using presentation compiler with project's scala-library version: 3.3.4
2024.12.16 20:48:43 INFO  no build target found for /Users/macbook/Downloads/Scala_Project 2/skypaths/src/test/scala/Tests.scala. Using presentation compiler with project's scala-library version: 3.3.4
2024.12.16 20:48:43 INFO  no build target found for /Users/macbook/Downloads/Scala_Project 2/skypaths/src/test/scala/Tests.scala. Using presentation compiler with project's scala-library version: 3.3.4
2024.12.16 20:48:43 INFO  no build target found for /Users/macbook/Downloads/Scala_Project 2/skypaths/src/main/scala/storage/DataStorage.scala. Using presentation compiler with project's scala-library version: 3.3.4
2024.12.16 20:48:43 INFO  no build target found for /Users/macbook/Downloads/Scala_Project 2/skypaths/src/main/scala/storage/DataStorage.scala. Using presentation compiler with project's scala-library version: 3.3.4
2024.12.16 20:48:44 INFO  no build target found for /Users/macbook/Downloads/Scala_Project 2/skypaths/src/main/scala/storage/DataStorage.scala. Using presentation compiler with project's scala-library version: 3.3.4
2024.12.16 20:48:44 INFO  no build target found for /Users/macbook/Downloads/Scala_Project 2/skypaths/src/main/scala/storage/DataStorage.scala. Using presentation compiler with project's scala-library version: 3.3.4
2024.12.16 20:48:44 INFO  no build target found for /Users/macbook/Downloads/Scala_Project 2/skypaths/src/main/scala/storage/DataStorage.scala. Using presentation compiler with project's scala-library version: 3.3.4
2024.12.16 20:48:44 INFO  no build target found for /Users/macbook/Downloads/Scala_Project 2/skypaths/src/main/scala/storage/DataStorage.scala. Using presentation compiler with project's scala-library version: 3.3.4
2024.12.16 20:48:44 INFO  no build target found for /Users/macbook/Downloads/Scala_Project 2/skypaths/src/main/scala/storage/DataStorage.scala. Using presentation compiler with project's scala-library version: 3.3.4
